2019-02-17-main-INFO -com.cg.mps.presentation.Main:log4j file configured
2019-02-17-main-INFO -com.cg.mps.presentation.Main:log4j file configured
2019-02-17-main-INFO -com.cg.mps.presentation.Main:log4j file configured
2019-02-17-main-INFO -com.cg.mps.presentation.Main:log4j file configured
2019-02-17-main-INFO -com.cg.mps.presentation.Main:log4j file configured
2019-02-17-main-INFO -com.cg.mps.presentation.Main:log4j file configured
2019-02-17-main-INFO -com.cg.mps.presentation.Main:log4j file configured
2019-02-17-main-INFO -com.cg.mps.dao.MobileDaoImpl:in DAO impl class
2019-02-17-main-INFO -com.cg.mps.dao.MobileDaoImpl:Login details is : 1001
2019-02-17-main-INFO -com.cg.mps.dao.MobileDaoImpl:connection object created
2019-02-17-main-ERROR-com.cg.mps.dao.MobileDaoImpl:ORA-00904: "MOBILE_ID": invalid identifier

2019-02-17-main-INFO -com.cg.mps.presentation.Main:log4j file configured
2019-02-17-main-INFO -com.cg.mps.dao.MobileDaoImpl:in DAO impl class
2019-02-17-main-INFO -com.cg.mps.dao.MobileDaoImpl:Login details is : 1001
2019-02-17-main-INFO -com.cg.mps.dao.MobileDaoImpl:connection object created
2019-02-17-main-ERROR-com.cg.mps.dao.MobileDaoImpl:ORA-00904: "MOBILE_ID": invalid identifier

2019-02-17-main-INFO -com.cg.mps.presentation.Main:log4j file configured
2019-02-17-main-INFO -com.cg.mps.presentation.Main:log4j file configured
2019-02-17-main-INFO -com.cg.mps.dao.MobileDaoImpl:in DAO impl class
2019-02-17-main-INFO -com.cg.mps.dao.MobileDaoImpl:Login details is : 1001
2019-02-17-main-INFO -com.cg.mps.dao.MobileDaoImpl:connection object created
2019-02-17-main-ERROR-com.cg.mps.dao.MobileDaoImpl:ORA-00904: "MOBILE_ID": invalid identifier

2019-02-17-main-INFO -com.cg.mps.presentation.Main:log4j file configured
2019-02-17-main-INFO -com.cg.mps.presentation.Main:log4j file configured
2019-02-17-main-INFO -com.cg.mps.presentation.Main:log4j file configured
2019-02-17-main-INFO -com.cg.mps.dao.MobileDaoImpl:in DAO impl class
2019-02-17-main-INFO -com.cg.mps.dao.MobileDaoImpl:Login details is : 1001
2019-02-17-main-INFO -com.cg.mps.dao.MobileDaoImpl:connection object created
2019-02-17-main-ERROR-com.cg.mps.dao.MobileDaoImpl:ORA-00904: "MOBILE_ID": invalid identifier

2019-02-17-main-INFO -com.cg.mps.presentation.Main:log4j file configured
2019-02-17-main-INFO -com.cg.mps.dao.MobileDaoImpl:in DAO impl class
2019-02-17-main-INFO -com.cg.mps.dao.MobileDaoImpl:Login details is : 1001
2019-02-17-main-INFO -com.cg.mps.dao.MobileDaoImpl:connection object created
2019-02-17-main-ERROR-com.cg.mps.dao.MobileDaoImpl:ORA-00904: "MOBILE_ID": invalid identifier

2019-02-17-main-INFO -com.cg.mps.presentation.Main:log4j file configured
2019-02-17-main-INFO -com.cg.mps.dao.MobileDaoImpl:in DAO impl class
2019-02-17-main-INFO -com.cg.mps.dao.MobileDaoImpl:Login details is : 1001
2019-02-17-main-INFO -com.cg.mps.dao.MobileDaoImpl:connection object created
2019-02-17-main-ERROR-com.cg.mps.dao.MobileDaoImpl:ORA-00904: "MOBILE_ID": invalid identifier

2019-02-17-main-INFO -com.cg.mps.presentation.Main:log4j file configured
2019-02-17-main-INFO -com.cg.mps.dao.MobileDaoImpl:in DAO impl class
2019-02-17-main-INFO -com.cg.mps.dao.MobileDaoImpl:Login details is : 1001
2019-02-17-main-INFO -com.cg.mps.dao.MobileDaoImpl:connection object created
2019-02-17-main-ERROR-com.cg.mps.dao.MobileDaoImpl:ORA-00904: "MOBILE_ID": invalid identifier

2019-02-17-main-INFO -com.cg.mps.dao.MobileDaoImpl:in DAO impl class
2019-02-17-main-INFO -com.cg.mps.dao.MobileDaoImpl:Login details is : 1005
2019-02-17-main-INFO -com.cg.mps.dao.MobileDaoImpl:connection object created
2019-02-17-main-ERROR-com.cg.mps.dao.MobileDaoImpl:ORA-00904: "MOBILE_ID": invalid identifier

2019-02-17-main-INFO -com.cg.mps.presentation.Main:log4j file configured
2019-02-17-main-INFO -com.cg.mps.dao.MobileDaoImpl:in DAO impl class
2019-02-17-main-INFO -com.cg.mps.dao.MobileDaoImpl:Login details is : 1001
2019-02-17-main-INFO -com.cg.mps.dao.MobileDaoImpl:connection object created
2019-02-17-main-ERROR-com.cg.mps.dao.MobileDaoImpl:ORA-00904: "MOBILE_ID": invalid identifier

2019-02-17-main-INFO -com.cg.mps.presentation.Main:log4j file configured
2019-02-17-main-INFO -com.cg.mps.dao.MobileDaoImpl:in DAO impl class
2019-02-17-main-INFO -com.cg.mps.dao.MobileDaoImpl:Login details is : 1001
2019-02-17-main-INFO -com.cg.mps.dao.MobileDaoImpl:connection object created
2019-02-17-main-INFO -com.cg.mps.dao.MobileDaoImpl:connection established..
2019-02-17-main-ERROR-com.cg.mps.dao.MobileDaoImpl:Invalid column index
2019-02-17-main-INFO -com.cg.mps.presentation.Main:log4j file configured
2019-02-17-main-INFO -com.cg.mps.dao.MobileDaoImpl:in DAO impl class
2019-02-17-main-INFO -com.cg.mps.dao.MobileDaoImpl:Login details is : 1001
2019-02-17-main-INFO -com.cg.mps.dao.MobileDaoImpl:connection object created
2019-02-17-main-INFO -com.cg.mps.dao.MobileDaoImpl:connection established..
2019-02-17-main-INFO -com.cg.mps.dao.MobileDaoImpl:in DAO impl class
2019-02-17-main-INFO -com.cg.mps.dao.MobileDaoImpl:Login details is : 1001
2019-02-17-main-INFO -com.cg.mps.dao.MobileDaoImpl:connection object created
2019-02-17-main-INFO -com.cg.mps.dao.MobileDaoImpl:connection established..
2019-02-17-main-ERROR-com.cg.mps.dao.MobileDaoImpl:Invalid column index
2019-02-17-main-INFO -com.cg.mps.presentation.Main:log4j file configured
2019-02-17-main-INFO -com.cg.mps.dao.MobileDaoImpl:in DAO impl class
2019-02-17-main-INFO -com.cg.mps.dao.MobileDaoImpl:Login details is : 1001
2019-02-17-main-INFO -com.cg.mps.dao.MobileDaoImpl:connection object created
2019-02-17-main-INFO -com.cg.mps.dao.MobileDaoImpl:connection established..
2019-02-17-main-INFO -com.cg.mps.dao.MobileDaoImpl:in DAO impl class
2019-02-17-main-INFO -com.cg.mps.dao.MobileDaoImpl:Login details is : 1001
2019-02-17-main-INFO -com.cg.mps.dao.MobileDaoImpl:connection object created
2019-02-17-main-INFO -com.cg.mps.dao.MobileDaoImpl:connection established..
2019-02-17-main-ERROR-com.cg.mps.dao.MobileDaoImpl:Invalid column index
2019-02-17-main-INFO -com.cg.mps.presentation.Main:log4j file configured
2019-02-17-main-INFO -com.cg.mps.dao.MobileDaoImpl:in DAO impl class
2019-02-17-main-INFO -com.cg.mps.dao.MobileDaoImpl:Login details is : 1001
2019-02-17-main-INFO -com.cg.mps.dao.MobileDaoImpl:connection object created
2019-02-17-main-INFO -com.cg.mps.dao.MobileDaoImpl:connection established..
2019-02-17-main-INFO -com.cg.mps.dao.MobileDaoImpl:in DAO impl class
2019-02-17-main-INFO -com.cg.mps.dao.MobileDaoImpl:Login details is : 1001
2019-02-17-main-INFO -com.cg.mps.dao.MobileDaoImpl:connection object created
2019-02-17-main-INFO -com.cg.mps.dao.MobileDaoImpl:connection established..
2019-02-17-main-ERROR-com.cg.mps.dao.MobileDaoImpl:Invalid column index
2019-02-17-main-INFO -com.cg.mps.presentation.Main:log4j file configured
2019-02-17-main-INFO -com.cg.mps.dao.MobileDaoImpl:in DAO impl class
2019-02-17-main-INFO -com.cg.mps.dao.MobileDaoImpl:Login details is : 1001
2019-02-17-main-INFO -com.cg.mps.dao.MobileDaoImpl:connection object created
2019-02-17-main-INFO -com.cg.mps.dao.MobileDaoImpl:connection established..
2019-02-17-main-INFO -com.cg.mps.dao.MobileDaoImpl:in DAO impl class
2019-02-17-main-INFO -com.cg.mps.dao.MobileDaoImpl:Login details is : 1001
2019-02-17-main-INFO -com.cg.mps.dao.MobileDaoImpl:connection object created
2019-02-17-main-INFO -com.cg.mps.dao.MobileDaoImpl:connection established..
2019-02-17-main-ERROR-com.cg.mps.dao.MobileDaoImpl:Invalid column index
2019-02-17-main-INFO -com.cg.mps.presentation.Main:log4j file configured
2019-02-17-main-INFO -com.cg.mps.dao.MobileDaoImpl:in DAO impl class
2019-02-17-main-INFO -com.cg.mps.dao.MobileDaoImpl:Login details is : 1001
2019-02-17-main-INFO -com.cg.mps.dao.MobileDaoImpl:connection object created
2019-02-17-main-INFO -com.cg.mps.dao.MobileDaoImpl:connection established..
2019-02-17-main-INFO -com.cg.mps.presentation.Main:log4j file configured
2019-02-17-main-INFO -com.cg.mps.dao.MobileDaoImpl:in DAO impl class
2019-02-17-main-INFO -com.cg.mps.dao.MobileDaoImpl:Login details is : 2001
2019-02-17-main-INFO -com.cg.mps.dao.MobileDaoImpl:connection object created
2019-02-17-main-INFO -com.cg.mps.dao.MobileDaoImpl:connection established..
2019-02-17-main-INFO -com.cg.mps.dao.MobileDaoImpl:in DAO impl class
2019-02-17-main-INFO -com.cg.mps.dao.MobileDaoImpl:Login details is : 1002
2019-02-17-main-INFO -com.cg.mps.dao.MobileDaoImpl:connection object created
2019-02-17-main-INFO -com.cg.mps.dao.MobileDaoImpl:connection established..
2019-02-17-main-INFO -com.cg.mps.presentation.Main:log4j file configured
2019-02-17-main-INFO -com.cg.mps.dao.MobileDaoImpl:in DAO impl class
2019-02-17-main-INFO -com.cg.mps.dao.MobileDaoImpl:Login details is : 1001
2019-02-17-main-INFO -com.cg.mps.dao.MobileDaoImpl:connection object created
2019-02-17-main-INFO -com.cg.mps.dao.MobileDaoImpl:connection established..
2019-02-17-main-INFO -com.cg.mps.presentation.Main:log4j file configured
2019-02-17-main-INFO -com.cg.mps.dao.MobileDaoImpl:in DAO impl class
2019-02-17-main-INFO -com.cg.mps.dao.MobileDaoImpl:Login details is : 1001
2019-02-17-main-INFO -com.cg.mps.dao.MobileDaoImpl:connection object created
2019-02-17-main-INFO -com.cg.mps.dao.MobileDaoImpl:connection established..
2019-02-17-main-INFO -com.cg.mps.dao.MobileDaoImpl:in DAO impl class
2019-02-17-main-INFO -com.cg.mps.dao.MobileDaoImpl:Login details is : 100000999
2019-02-17-main-INFO -com.cg.mps.dao.MobileDaoImpl:connection object created
2019-02-17-main-INFO -com.cg.mps.dao.MobileDaoImpl:connection established..
2019-02-17-main-INFO -com.cg.mps.dao.MobileDaoImpl:in DAO impl class
2019-02-17-main-INFO -com.cg.mps.dao.MobileDaoImpl:Login details is : 1001
2019-02-17-main-INFO -com.cg.mps.dao.MobileDaoImpl:connection object created
2019-02-17-main-INFO -com.cg.mps.dao.MobileDaoImpl:connection established..
2019-02-17-main-INFO -com.cg.mps.presentation.Main:log4j file configured
2019-02-17-main-INFO -com.cg.mps.dao.MobileDaoImpl:in DAO impl class
2019-02-17-main-INFO -com.cg.mps.dao.MobileDaoImpl:Login details is : 1001
2019-02-17-main-INFO -com.cg.mps.dao.MobileDaoImpl:connection object created
2019-02-17-main-INFO -com.cg.mps.dao.MobileDaoImpl:connection established..
2019-02-17-main-INFO -com.cg.mps.presentation.Main:log4j file configured
2019-02-17-main-INFO -com.cg.mps.dao.MobileDaoImpl:in DAO impl class
2019-02-17-main-INFO -com.cg.mps.dao.MobileDaoImpl:Login details is : 1001
2019-02-17-main-INFO -com.cg.mps.dao.MobileDaoImpl:connection object created
2019-02-17-main-INFO -com.cg.mps.dao.MobileDaoImpl:connection established..
2019-02-17-main-INFO -com.cg.mps.dao.MobileDaoImpl:in DAO impl class
2019-02-17-main-INFO -com.cg.mps.dao.MobileDaoImpl:Login details is : 1001
2019-02-17-main-INFO -com.cg.mps.dao.MobileDaoImpl:connection object created
2019-02-17-main-INFO -com.cg.mps.dao.MobileDaoImpl:connection established..
2019-02-17-main-ERROR-com.cg.mps.dao.MobileDaoImpl:Invalid column index
2019-02-17-main-INFO -com.cg.mps.presentation.Main:log4j file configured
2019-02-17-main-INFO -com.cg.mps.dao.MobileDaoImpl:in DAO impl class
2019-02-17-main-INFO -com.cg.mps.dao.MobileDaoImpl:Login details is : 1001
2019-02-17-main-INFO -com.cg.mps.dao.MobileDaoImpl:connection object created
2019-02-17-main-INFO -com.cg.mps.dao.MobileDaoImpl:connection established..
2019-02-17-main-INFO -com.cg.mps.dao.MobileDaoImpl:in DAO impl class
2019-02-17-main-INFO -com.cg.mps.dao.MobileDaoImpl:Login details is : 1001
2019-02-17-main-INFO -com.cg.mps.dao.MobileDaoImpl:connection object created
2019-02-17-main-INFO -com.cg.mps.dao.MobileDaoImpl:connection established..
2019-02-17-main-ERROR-com.cg.mps.dao.MobileDaoImpl:Invalid column index
2019-02-17-main-INFO -com.cg.mps.presentation.Main:log4j file configured
2019-02-17-main-INFO -com.cg.mps.presentation.Main:log4j file configured
2019-02-17-main-INFO -com.cg.mps.dao.MobileDaoImpl:in DAO impl class
2019-02-17-main-INFO -com.cg.mps.dao.MobileDaoImpl:Login details is : 1001
2019-02-17-main-INFO -com.cg.mps.dao.MobileDaoImpl:connection object created
2019-02-17-main-INFO -com.cg.mps.dao.MobileDaoImpl:connection established..
2019-02-17-main-INFO -com.cg.mps.presentation.Main:log4j file configured
2019-02-17-main-INFO -com.cg.mps.dao.MobileDaoImpl:in DAO impl class
2019-02-17-main-INFO -com.cg.mps.dao.MobileDaoImpl:Login details is : 1001
2019-02-17-main-INFO -com.cg.mps.dao.MobileDaoImpl:connection object created
2019-02-17-main-INFO -com.cg.mps.dao.MobileDaoImpl:connection established..
2019-02-17-main-INFO -com.cg.mps.presentation.Main:log4j file configured
2019-02-17-main-INFO -com.cg.mps.dao.MobileDaoImpl:in DAO impl class
2019-02-17-main-INFO -com.cg.mps.dao.MobileDaoImpl:Login details is : 1001
2019-02-17-main-INFO -com.cg.mps.dao.MobileDaoImpl:connection object created
2019-02-17-main-INFO -com.cg.mps.dao.MobileDaoImpl:connection established..
